# Logfile created on Mon Jan 29 07:17:15 +0000 2007 by logger.rb/1.5.2.9
  [4;36;1mSQL (0.000000)[0m   [0;1mSQLite3::SQLException: table schema_info already exists: CREATE TABLE schema_info (version integer)[0m
  [4;35;1mSQL (0.001362)[0m   [0mSELECT version FROM schema_info[0m
  [4;36;1mSQL (0.000930)[0m   [0;1mSELECT version FROM schema_info[0m
  [4;35;1mSQL (0.000000)[0m   [0mSQLite3::SQLException: table schema_info already exists: CREATE TABLE schema_info (version integer)[0m
  [4;36;1mSQL (0.001123)[0m   [0;1mSELECT version FROM schema_info[0m
Migrating to FillRequestTable (4)
  [4;35;1mRequest Delete all (0.008112)[0m   [0mDELETE FROM requests WHERE 1=1[0m
  [4;36;1mSQL (0.027297)[0m   [0;1mUPDATE schema_info SET version = 3[0m
Reached target version: 3
  [4;35;1mSQL (0.001119)[0m   [0mSELECT * FROM schema_info[0m
  [4;36;1mSQL (0.001234)[0m   [0;1mSELECT name FROM sqlite_master WHERE type = 'table'[0m
  [4;35;1mSQL (0.002758)[0m   [0mPRAGMA table_info(requests)[0m
  [4;36;1mSQL (0.000370)[0m   [0;1mPRAGMA index_list(requests)[0m
  [4;36;1mSQL (0.000000)[0m   [0;1mSQLite3::SQLException: table schema_info already exists: CREATE TABLE schema_info (version integer)[0m
  [4;35;1mSQL (0.002377)[0m   [0mSELECT version FROM schema_info[0m
  [4;36;1mSQL (0.000000)[0m   [0;1mSQLite3::SQLException: table schema_info already exists: CREATE TABLE schema_info (version integer)[0m
  [4;35;1mSQL (0.001122)[0m   [0mSELECT version FROM schema_info[0m
  [4;36;1mSQL (0.000912)[0m   [0;1mSELECT version FROM schema_info[0m
  [4;35;1mSQL (0.001166)[0m   [0mSELECT version FROM schema_info[0m
  [4;36;1mSQL (0.000933)[0m   [0;1mSELECT version FROM schema_info[0m
Migrating to FillRequestTable (4)
  [4;35;1mRequest Delete all (0.001534)[0m   [0mDELETE FROM requests WHERE 1=1[0m
  [4;36;1mSQL (0.002956)[0m   [0;1mPRAGMA table_info(requests)[0m
  [4;35;1mRequest Load (0.000758)[0m   [0mSELECT * FROM requests WHERE (requests.weight = 1) LIMIT 1[0m
  [4;36;1mSQL (0.001407)[0m   [0;1mINSERT INTO requests ("http_method", "weight", "path") VALUES('GET', 1, '/myindex.html')[0m
  [4;35;1mRequest Load (0.000701)[0m   [0mSELECT * FROM requests WHERE (requests.weight = 1 AND requests.id <> 1) LIMIT 1[0m
  [4;36;1mRequest Update (0.001019)[0m   [0;1mUPDATE requests SET "weight" = 1, "http_method" = 'GET', "path" = '/myindex.html' WHERE id = 1[0m
  [4;35;1mRequest Load (0.000693)[0m   [0mSELECT * FROM requests WHERE (requests.weight = 2) LIMIT 1[0m
  [4;36;1mSQL (0.000729)[0m   [0;1mINSERT INTO requests ("http_method", "weight", "path") VALUES('POST', 2, '/action/post.php')[0m
  [4;35;1mRequest Load (0.000656)[0m   [0mSELECT * FROM requests WHERE (requests.weight = 2 AND requests.id <> 2) LIMIT 1[0m
  [4;36;1mRequest Update (0.000890)[0m   [0;1mUPDATE requests SET "weight" = 2, "http_method" = 'POST', "path" = '/action/post.php' WHERE id = 2[0m
  [4;35;1mRequest Load (0.000652)[0m   [0mSELECT * FROM requests WHERE (requests.weight = 3) LIMIT 1[0m
  [4;36;1mSQL (0.000713)[0m   [0;1mINSERT INTO requests ("http_method", "weight", "path") VALUES('GET', 3, '/detail.html')[0m
  [4;35;1mRequest Load (0.001045)[0m   [0mSELECT * FROM requests WHERE (requests.weight = 3 AND requests.id <> 3) LIMIT 1[0m
  [4;36;1mRequest Update (0.001297)[0m   [0;1mUPDATE requests SET "weight" = 3, "http_method" = 'GET', "path" = '/detail.html' WHERE id = 3[0m
  [4;35;1mRequest Load (0.000676)[0m   [0mSELECT * FROM requests WHERE (requests.weight = 4) LIMIT 1[0m
  [4;36;1mSQL (0.000748)[0m   [0;1mINSERT INTO requests ("http_method", "weight", "path") VALUES('GET', 4, '/view,html')[0m
  [4;35;1mRequest Load (0.000723)[0m   [0mSELECT * FROM requests WHERE (requests.weight = 4 AND requests.id <> 4) LIMIT 1[0m
  [4;36;1mRequest Update (0.000959)[0m   [0;1mUPDATE requests SET "weight" = 4, "http_method" = 'GET', "path" = '/view,html' WHERE id = 4[0m
  [4;35;1mRequest Load (0.000653)[0m   [0mSELECT * FROM requests WHERE (requests.weight = 5) LIMIT 1[0m
  [4;36;1mSQL (0.000826)[0m   [0;1mINSERT INTO requests ("http_method", "weight", "path") VALUES('GET', 5, '/detail.html')[0m
  [4;35;1mRequest Load (0.000655)[0m   [0mSELECT * FROM requests WHERE (requests.weight = 5 AND requests.id <> 5) LIMIT 1[0m
  [4;36;1mRequest Update (0.001998)[0m   [0;1mUPDATE requests SET "weight" = 5, "http_method" = 'GET', "path" = '/detail.html' WHERE id = 5[0m
  [4;35;1mRequest Load (0.000642)[0m   [0mSELECT * FROM requests WHERE (requests.weight = 6) LIMIT 1[0m
  [4;36;1mSQL (0.000860)[0m   [0;1mINSERT INTO requests ("http_method", "weight", "path") VALUES('GET', 6, '/index.html')[0m
  [4;35;1mRequest Load (0.000644)[0m   [0mSELECT * FROM requests WHERE (requests.weight = 6 AND requests.id <> 6) LIMIT 1[0m
  [4;36;1mRequest Update (0.000980)[0m   [0;1mUPDATE requests SET "weight" = 6, "http_method" = 'GET', "path" = '/index.html' WHERE id = 6[0m
  [4;35;1mRequest Load (0.000637)[0m   [0mSELECT * FROM requests WHERE (requests.weight = 7) LIMIT 1[0m
  [4;36;1mSQL (0.000745)[0m   [0;1mINSERT INTO requests ("http_method", "weight", "path") VALUES('GET', 7, '/info.html')[0m
  [4;35;1mRequest Load (0.000842)[0m   [0mSELECT * FROM requests WHERE (requests.weight = 7 AND requests.id <> 7) LIMIT 1[0m
  [4;36;1mRequest Update (0.000947)[0m   [0;1mUPDATE requests SET "weight" = 7, "http_method" = 'GET', "path" = '/info.html' WHERE id = 7[0m
  [4;35;1mRequest Load (0.000656)[0m   [0mSELECT * FROM requests WHERE (requests.weight = 8) LIMIT 1[0m
  [4;36;1mSQL (0.000717)[0m   [0;1mINSERT INTO requests ("http_method", "weight", "path") VALUES('POST', 8, '/action/delete.php')[0m
  [4;35;1mRequest Load (0.000644)[0m   [0mSELECT * FROM requests WHERE (requests.weight = 8 AND requests.id <> 8) LIMIT 1[0m
  [4;36;1mRequest Update (0.001005)[0m   [0;1mUPDATE requests SET "weight" = 8, "http_method" = 'POST', "path" = '/action/delete.php' WHERE id = 8[0m
  [4;35;1mSQL (0.002375)[0m   [0mUPDATE schema_info SET version = 4[0m
  [4;36;1mSQL (0.001144)[0m   [0;1mSELECT * FROM schema_info[0m
  [4;35;1mSQL (0.007447)[0m   [0mSELECT name FROM sqlite_master WHERE type = 'table'[0m
  [4;36;1mSQL (0.003573)[0m   [0;1mPRAGMA table_info(requests)[0m
  [4;35;1mSQL (0.000435)[0m   [0mPRAGMA index_list(requests)[0m


Processing MainController#hello (for 85.3.161.167 at 2007-01-29 08:05:29) [GET]
  Session ID: d1740045393869ab05b6cbc2a66a6fd4
  Parameters: {"action"=>"hello", "controller"=>"main"}
  [4;36;1mRequest Load (0.008911)[0m   [0;1mSELECT * FROM requests ORDER BY weight[0m
Rendering  within layouts/main
Rendering main/hello
  [4;35;1mSQL (0.003532)[0m   [0mPRAGMA table_info(requests)[0m
Rendered main/_request (0.02071)
Rendered main/_request (0.00362)
Rendered main/_request (0.00258)
Rendered main/_request (0.00286)
Rendered main/_request (0.00406)
Rendered main/_request (0.00254)
Rendered main/_request (0.00242)
Rendered main/_request (0.00378)
Rendered main/_request_rules_detailarea (0.00336)
Completed in 0.40614 (2 reqs/sec) | Rendering: 0.09345 (23%) | DB: 0.01244 (3%) | 200 OK [http://railsmachine/main/hello]


Processing MainController#display_detail (for 85.3.161.167 at 2007-01-29 08:05:38) [POST]
  Session ID: d1740045393869ab05b6cbc2a66a6fd4
  Parameters: {"action"=>"display_detail", "id"=>"3", "controller"=>"main"}
  [4;36;1mSQL (0.003598)[0m   [0;1mPRAGMA table_info(requests)[0m
  [4;35;1mRequest Load (0.003316)[0m   [0mSELECT * FROM requests WHERE (requests.id = 3) [0m
Rendering main/display_detail
Rendered main/_request_rules_detailarea (0.00167)
Completed in 0.10747 (9 reqs/sec) | Rendering: 0.06259 (58%) | DB: 0.00691 (6%) | 200 OK [http://railsmachine/main/display_detail/3]
  [4;36;1mSQL (0.002829)[0m   [0;1mSELECT * FROM schema_info[0m
  [4;35;1mSQL (0.001416)[0m   [0mSELECT name FROM sqlite_master WHERE type = 'table'[0m
  [4;36;1mSQL (0.005544)[0m   [0;1mPRAGMA table_info(requests)[0m
  [4;35;1mSQL (0.000403)[0m   [0mPRAGMA index_list(requests)[0m
  [4;36;1mSQL (0.000000)[0m   [0;1mSQLite3::SQLException: no such table: requests: DROP TABLE requests[0m
  [4;35;1mSQL (0.019698)[0m   [0mCREATE TABLE requests ("id" INTEGER PRIMARY KEY NOT NULL, "http_method" varchar(10) DEFAULT '' NOT NULL, "path" text DEFAULT '' NOT NULL, "weight" integer DEFAULT 0 NOT NULL) [0m
  [4;36;1mSQL (0.003008)[0m   [0;1mCREATE TABLE schema_info (version integer)[0m
  [4;35;1mSQL (0.002799)[0m   [0mINSERT INTO schema_info (version) VALUES(0)[0m
  [4;36;1mSQL (0.001264)[0m   [0;1mPRAGMA table_info(schema_info)[0m
  [4;35;1mSQL (0.002196)[0m   [0mUPDATE schema_info SET version = 4[0m
  [4;36;1mSQL (0.002775)[0m   [0;1mSELECT * FROM schema_info[0m
  [4;35;1mSQL (0.001398)[0m   [0mSELECT name FROM sqlite_master WHERE type = 'table'[0m
  [4;36;1mSQL (0.003015)[0m   [0;1mPRAGMA table_info(requests)[0m
  [4;35;1mSQL (0.000381)[0m   [0mPRAGMA index_list(requests)[0m
  [4;36;1mSQL (0.000000)[0m   [0;1mSQLite3::SQLException: no such table: requests: DROP TABLE requests[0m
  [4;35;1mSQL (0.006048)[0m   [0mCREATE TABLE requests ("id" INTEGER PRIMARY KEY NOT NULL, "http_method" varchar(10) DEFAULT '' NOT NULL, "path" text DEFAULT '' NOT NULL, "weight" integer DEFAULT 0 NOT NULL) [0m
  [4;36;1mSQL (0.003368)[0m   [0;1mCREATE TABLE schema_info (version integer)[0m
  [4;35;1mSQL (0.003329)[0m   [0mINSERT INTO schema_info (version) VALUES(0)[0m
  [4;36;1mSQL (0.001973)[0m   [0;1mPRAGMA table_info(schema_info)[0m
  [4;35;1mSQL (0.002335)[0m   [0mUPDATE schema_info SET version = 4[0m
  [4;36;1mSQL (0.000000)[0m   [0;1mSQLite3::SQLException: table schema_info already exists: CREATE TABLE schema_info (version integer)[0m
  [4;35;1mSQL (0.001532)[0m   [0mSELECT version FROM schema_info[0m
  [4;36;1mSQL (0.001234)[0m   [0;1mSELECT version FROM schema_info[0m
  [4;35;1mSQL (0.000000)[0m   [0mSQLite3::SQLException: table schema_info already exists: CREATE TABLE schema_info (version integer)[0m
  [4;36;1mSQL (0.002148)[0m   [0;1mSELECT version FROM schema_info[0m
Migrating to FillRequestTable (4)
  [4;35;1mRequest Delete all (0.012030)[0m   [0mDELETE FROM requests WHERE 1=1[0m
  [4;36;1mSQL (0.003286)[0m   [0;1mUPDATE schema_info SET version = 3[0m
Reached target version: 3
  [4;35;1mSQL (0.001145)[0m   [0mSELECT * FROM schema_info[0m
  [4;36;1mSQL (0.003903)[0m   [0;1mSELECT name FROM sqlite_master WHERE type = 'table'[0m
  [4;35;1mSQL (0.003253)[0m   [0mPRAGMA table_info(requests)[0m
  [4;36;1mSQL (0.000426)[0m   [0;1mPRAGMA index_list(requests)[0m
  [4;36;1mSQL (0.000000)[0m   [0;1mSQLite3::SQLException: table schema_info already exists: CREATE TABLE schema_info (version integer)[0m
  [4;35;1mSQL (0.001379)[0m   [0mSELECT version FROM schema_info[0m
  [4;36;1mSQL (0.000000)[0m   [0;1mSQLite3::SQLException: table schema_info already exists: CREATE TABLE schema_info (version integer)[0m
  [4;35;1mSQL (0.001138)[0m   [0mSELECT version FROM schema_info[0m
  [4;36;1mSQL (0.001404)[0m   [0;1mSELECT version FROM schema_info[0m
  [4;35;1mSQL (0.001685)[0m   [0mSELECT version FROM schema_info[0m
  [4;36;1mSQL (0.000979)[0m   [0;1mSELECT version FROM schema_info[0m
Migrating to FillRequestTable (4)
  [4;35;1mRequest Delete all (0.001559)[0m   [0mDELETE FROM requests WHERE 1=1[0m
  [4;36;1mSQL (0.003523)[0m   [0;1mPRAGMA table_info(requests)[0m
  [4;35;1mRequest Load (0.001059)[0m   [0mSELECT * FROM requests WHERE (requests.weight = 1) LIMIT 1[0m
  [4;36;1mSQL (0.001443)[0m   [0;1mINSERT INTO requests ("http_method", "weight", "path") VALUES('GET', 1, '/myindex.html')[0m
  [4;35;1mRequest Load (0.000696)[0m   [0mSELECT * FROM requests WHERE (requests.weight = 1 AND requests.id <> 1) LIMIT 1[0m
  [4;36;1mRequest Update (0.001135)[0m   [0;1mUPDATE requests SET "weight" = 1, "http_method" = 'GET', "path" = '/myindex.html' WHERE id = 1[0m
  [4;35;1mRequest Load (0.000649)[0m   [0mSELECT * FROM requests WHERE (requests.weight = 2) LIMIT 1[0m
  [4;36;1mSQL (0.000861)[0m   [0;1mINSERT INTO requests ("http_method", "weight", "path") VALUES('POST', 2, '/action/post.php')[0m
  [4;35;1mRequest Load (0.000652)[0m   [0mSELECT * FROM requests WHERE (requests.weight = 2 AND requests.id <> 2) LIMIT 1[0m
  [4;36;1mRequest Update (0.001479)[0m   [0;1mUPDATE requests SET "weight" = 2, "http_method" = 'POST', "path" = '/action/post.php' WHERE id = 2[0m
  [4;35;1mRequest Load (0.000647)[0m   [0mSELECT * FROM requests WHERE (requests.weight = 3) LIMIT 1[0m
  [4;36;1mSQL (0.000825)[0m   [0;1mINSERT INTO requests ("http_method", "weight", "path") VALUES('GET', 3, '/detail.html')[0m
  [4;35;1mRequest Load (0.000666)[0m   [0mSELECT * FROM requests WHERE (requests.weight = 3 AND requests.id <> 3) LIMIT 1[0m
  [4;36;1mRequest Update (0.000980)[0m   [0;1mUPDATE requests SET "weight" = 3, "http_method" = 'GET', "path" = '/detail.html' WHERE id = 3[0m
  [4;35;1mRequest Load (0.000644)[0m   [0mSELECT * FROM requests WHERE (requests.weight = 4) LIMIT 1[0m
  [4;36;1mSQL (0.000729)[0m   [0;1mINSERT INTO requests ("http_method", "weight", "path") VALUES('GET', 4, '/view,html')[0m
  [4;35;1mRequest Load (0.000687)[0m   [0mSELECT * FROM requests WHERE (requests.weight = 4 AND requests.id <> 4) LIMIT 1[0m
  [4;36;1mRequest Update (0.000871)[0m   [0;1mUPDATE requests SET "weight" = 4, "http_method" = 'GET', "path" = '/view,html' WHERE id = 4[0m
  [4;35;1mRequest Load (0.000638)[0m   [0mSELECT * FROM requests WHERE (requests.weight = 5) LIMIT 1[0m
  [4;36;1mSQL (0.000734)[0m   [0;1mINSERT INTO requests ("http_method", "weight", "path") VALUES('GET', 5, '/detail.html')[0m
  [4;35;1mRequest Load (0.000654)[0m   [0mSELECT * FROM requests WHERE (requests.weight = 5 AND requests.id <> 5) LIMIT 1[0m
  [4;36;1mRequest Update (0.000879)[0m   [0;1mUPDATE requests SET "weight" = 5, "http_method" = 'GET', "path" = '/detail.html' WHERE id = 5[0m
  [4;35;1mRequest Load (0.000637)[0m   [0mSELECT * FROM requests WHERE (requests.weight = 6) LIMIT 1[0m
  [4;36;1mSQL (0.000724)[0m   [0;1mINSERT INTO requests ("http_method", "weight", "path") VALUES('GET', 6, '/index.html')[0m
  [4;35;1mRequest Load (0.000647)[0m   [0mSELECT * FROM requests WHERE (requests.weight = 6 AND requests.id <> 6) LIMIT 1[0m
  [4;36;1mRequest Update (0.000916)[0m   [0;1mUPDATE requests SET "weight" = 6, "http_method" = 'GET', "path" = '/index.html' WHERE id = 6[0m
  [4;35;1mRequest Load (0.000630)[0m   [0mSELECT * FROM requests WHERE (requests.weight = 7) LIMIT 1[0m
  [4;36;1mSQL (0.000711)[0m   [0;1mINSERT INTO requests ("http_method", "weight", "path") VALUES('GET', 7, '/info.html')[0m
  [4;35;1mRequest Load (0.000645)[0m   [0mSELECT * FROM requests WHERE (requests.weight = 7 AND requests.id <> 7) LIMIT 1[0m
  [4;36;1mRequest Update (0.000879)[0m   [0;1mUPDATE requests SET "weight" = 7, "http_method" = 'GET', "path" = '/info.html' WHERE id = 7[0m
  [4;35;1mRequest Load (0.000632)[0m   [0mSELECT * FROM requests WHERE (requests.weight = 8) LIMIT 1[0m
  [4;36;1mSQL (0.000730)[0m   [0;1mINSERT INTO requests ("http_method", "weight", "path") VALUES('POST', 8, '/action/delete.php')[0m
  [4;35;1mRequest Load (0.000645)[0m   [0mSELECT * FROM requests WHERE (requests.weight = 8 AND requests.id <> 8) LIMIT 1[0m
  [4;36;1mRequest Update (0.000925)[0m   [0;1mUPDATE requests SET "weight" = 8, "http_method" = 'POST', "path" = '/action/delete.php' WHERE id = 8[0m
  [4;35;1mSQL (0.002240)[0m   [0mUPDATE schema_info SET version = 4[0m
  [4;36;1mSQL (0.001287)[0m   [0;1mSELECT * FROM schema_info[0m
  [4;35;1mSQL (0.001157)[0m   [0mSELECT name FROM sqlite_master WHERE type = 'table'[0m
  [4;36;1mSQL (0.002682)[0m   [0;1mPRAGMA table_info(requests)[0m
  [4;35;1mSQL (0.000348)[0m   [0mPRAGMA index_list(requests)[0m
  [4;36;1mSQL (0.002708)[0m   [0;1mSELECT * FROM schema_info[0m
  [4;35;1mSQL (0.001676)[0m   [0mSELECT name FROM sqlite_master WHERE type = 'table'[0m
  [4;36;1mSQL (0.003248)[0m   [0;1mPRAGMA table_info(requests)[0m
  [4;35;1mSQL (0.000379)[0m   [0mPRAGMA index_list(requests)[0m
  [4;36;1mSQL (0.000000)[0m   [0;1mSQLite3::SQLException: no such table: requests: DROP TABLE requests[0m
  [4;35;1mSQL (0.008086)[0m   [0mCREATE TABLE requests ("id" INTEGER PRIMARY KEY NOT NULL, "http_method" varchar(10) DEFAULT '' NOT NULL, "path" text DEFAULT '' NOT NULL, "weight" integer DEFAULT 0 NOT NULL) [0m
  [4;36;1mSQL (0.002878)[0m   [0;1mCREATE TABLE schema_info (version integer)[0m
  [4;35;1mSQL (0.004082)[0m   [0mINSERT INTO schema_info (version) VALUES(0)[0m
  [4;36;1mSQL (0.001271)[0m   [0;1mPRAGMA table_info(schema_info)[0m
  [4;35;1mSQL (0.002532)[0m   [0mUPDATE schema_info SET version = 4[0m


Processing MainController#display_detail (for 85.3.161.167 at 2007-01-29 08:29:05) [POST]
  Session ID: d1740045393869ab05b6cbc2a66a6fd4
  Parameters: {"action"=>"display_detail", "id"=>"7", "controller"=>"main"}
  [4;36;1mSQL (0.003704)[0m   [0;1mPRAGMA table_info(requests)[0m
  [4;35;1mRequest Load (0.001345)[0m   [0mSELECT * FROM requests WHERE (requests.id = 7) [0m
Rendering main/display_detail
Rendered main/_request_rules_detailarea (0.00174)
Completed in 0.07574 (13 reqs/sec) | Rendering: 0.03253 (42%) | DB: 0.00505 (6%) | 200 OK [http://railsmachine/main/display_detail/7]


Processing MainController#display_detail (for 85.3.161.167 at 2007-01-29 08:29:07) [POST]
  Session ID: d1740045393869ab05b6cbc2a66a6fd4
  Parameters: {"action"=>"display_detail", "id"=>"6", "controller"=>"main"}
  [4;36;1mSQL (0.004277)[0m   [0;1mPRAGMA table_info(requests)[0m
  [4;35;1mRequest Load (0.001564)[0m   [0mSELECT * FROM requests WHERE (requests.id = 6) [0m
Rendering main/display_detail
Rendered main/_request_rules_detailarea (0.00173)
Completed in 0.08072 (12 reqs/sec) | Rendering: 0.03456 (42%) | DB: 0.00584 (7%) | 200 OK [http://railsmachine/main/display_detail/6]


Processing MainController#display_detail (for 85.3.161.167 at 2007-01-29 08:29:10) [POST]
  Session ID: d1740045393869ab05b6cbc2a66a6fd4
  Parameters: {"action"=>"display_detail", "id"=>"2", "controller"=>"main"}
  [4;36;1mSQL (0.003425)[0m   [0;1mPRAGMA table_info(requests)[0m
  [4;35;1mRequest Load (0.001243)[0m   [0mSELECT * FROM requests WHERE (requests.id = 2) [0m
Rendering main/display_detail
Rendered main/_request_rules_detailarea (0.00188)
Completed in 0.07181 (13 reqs/sec) | Rendering: 0.03171 (44%) | DB: 0.00467 (6%) | 200 OK [http://railsmachine/main/display_detail/2]


Processing MainController#display_detail (for 85.3.161.167 at 2007-01-29 08:29:12) [POST]
  Session ID: d1740045393869ab05b6cbc2a66a6fd4
  Parameters: {"action"=>"display_detail", "id"=>"1", "controller"=>"main"}
  [4;36;1mSQL (0.003424)[0m   [0;1mPRAGMA table_info(requests)[0m
  [4;35;1mRequest Load (0.001374)[0m   [0mSELECT * FROM requests WHERE (requests.id = 1) [0m
Rendering main/display_detail
Rendered main/_request_rules_detailarea (0.00380)
Completed in 0.08496 (11 reqs/sec) | Rendering: 0.03495 (41%) | DB: 0.00480 (5%) | 200 OK [http://railsmachine/main/display_detail/1]


Processing MainController#display_detail (for 85.3.161.167 at 2007-01-29 08:29:30) [POST]
  Session ID: d1740045393869ab05b6cbc2a66a6fd4
  Parameters: {"action"=>"display_detail", "id"=>"3", "controller"=>"main"}
  [4;36;1mSQL (0.004506)[0m   [0;1mPRAGMA table_info(requests)[0m
  [4;35;1mRequest Load (0.001742)[0m   [0mSELECT * FROM requests WHERE (requests.id = 3) [0m
Rendering main/display_detail
Rendered main/_request_rules_detailarea (0.00183)
Completed in 0.27305 (3 reqs/sec) | Rendering: 0.03814 (13%) | DB: 0.00625 (2%) | 200 OK [http://railsmachine/main/display_detail/3]


Processing MainController#display_detail (for 85.3.161.167 at 2007-01-29 08:29:57) [POST]
  Session ID: d1740045393869ab05b6cbc2a66a6fd4
  Parameters: {"action"=>"display_detail", "id"=>"1", "controller"=>"main"}
  [4;36;1mSQL (0.003902)[0m   [0;1mPRAGMA table_info(requests)[0m
  [4;35;1mRequest Load (0.001382)[0m   [0mSELECT * FROM requests WHERE (requests.id = 1) [0m
Rendering main/display_detail
Rendered main/_request_rules_detailarea (0.00175)
Completed in 0.08308 (12 reqs/sec) | Rendering: 0.03455 (41%) | DB: 0.00528 (6%) | 200 OK [http://railsmachine/main/display_detail/1]


Processing MainController#display_detail (for 85.3.161.167 at 2007-01-29 09:49:20) [POST]
  Session ID: d1740045393869ab05b6cbc2a66a6fd4
  Parameters: {"action"=>"display_detail", "id"=>"1", "controller"=>"main"}
  [4;36;1mSQL (0.003551)[0m   [0;1mPRAGMA table_info(requests)[0m
  [4;35;1mRequest Load (0.001282)[0m   [0mSELECT * FROM requests WHERE (requests.id = 1) [0m
Rendering main/display_detail
Rendered main/_request_rules_detailarea (0.00692)
Completed in 0.08391 (11 reqs/sec) | Rendering: 0.03542 (42%) | DB: 0.00483 (5%) | 200 OK [http://railsmachine/main/display_detail/1]


Processing MainController#display_detail (for 85.3.161.167 at 2007-01-29 09:49:43) [GET]
  Session ID: 29e09cdfec3d1bf7871171578cae673c
  Parameters: {"action"=>"display_detail", "id"=>"1", "controller"=>"main"}
  [4;36;1mSQL (0.003797)[0m   [0;1mPRAGMA table_info(requests)[0m
  [4;35;1mRequest Load (0.001622)[0m   [0mSELECT * FROM requests WHERE (requests.id = 1) [0m
Rendering main/display_detail
Rendered main/_request_rules_detailarea (0.00194)
Completed in 0.08020 (12 reqs/sec) | Rendering: 0.03549 (44%) | DB: 0.00542 (6%) | 200 OK [http://railsmachine/main/display_detail/1]


Processing MainController#hello (for 85.3.161.167 at 2007-01-29 10:33:05) [GET]
  Session ID: d1740045393869ab05b6cbc2a66a6fd4
  Parameters: {"action"=>"hello", "controller"=>"main"}
  [4;36;1mRequest Load (0.007563)[0m   [0;1mSELECT * FROM requests ORDER BY weight[0m
Rendering  within layouts/main
Rendering main/hello
  [4;35;1mSQL (0.005137)[0m   [0mPRAGMA table_info(requests)[0m
Rendered main/_request (0.01876)
Rendered main/_request (0.02861)
Rendered main/_request (0.00293)
Rendered main/_request (0.00285)
Rendered main/_request (0.00240)
Rendered main/_request (0.00243)
Rendered main/_request (0.00312)
Rendered main/_request (0.00289)
Rendered main/_request_rules_detailarea (0.00030)
Completed in 0.16419 (6 reqs/sec) | Rendering: 0.07790 (47%) | DB: 0.01270 (7%) | 200 OK [http://railsmachine/main/hello]


Processing MainController#hello (for 85.3.161.167 at 2007-01-29 10:39:16) [GET]
  Session ID: d1740045393869ab05b6cbc2a66a6fd4
  Parameters: {"action"=>"hello", "controller"=>"main"}
  [4;36;1mRequest Load (0.005411)[0m   [0;1mSELECT * FROM requests ORDER BY weight[0m
Rendering  within layouts/main
Rendering main/hello
  [4;35;1mSQL (0.022667)[0m   [0mPRAGMA table_info(requests)[0m
Rendered main/_request (0.03554)
Rendered main/_request (0.00267)
Rendered main/_request (0.00242)
Rendered main/_request (0.00251)
Rendered main/_request (0.00247)
Rendered main/_request (0.00288)
Rendered main/_request (0.00337)
Rendered main/_request (0.00256)
Rendered main/_request_rules_detailarea (0.00030)
Completed in 0.11264 (8 reqs/sec) | Rendering: 0.04547 (40%) | DB: 0.02808 (24%) | 200 OK [http://railsmachine/main/hello]


Processing MainController#hello (for 85.3.161.167 at 2007-01-29 10:40:38) [GET]
  Session ID: d1740045393869ab05b6cbc2a66a6fd4
  Parameters: {"action"=>"hello", "controller"=>"main"}
  [4;36;1mRequest Load (0.024785)[0m   [0;1mSELECT * FROM requests ORDER BY weight[0m
Rendering  within layouts/main
Rendering main/hello
  [4;35;1mSQL (0.003047)[0m   [0mPRAGMA table_info(requests)[0m
Rendered main/_request (0.01633)
Rendered main/_request (0.00252)
Rendered main/_request (0.00306)
Rendered main/_request (0.00468)
Rendered main/_request (0.00247)
Rendered main/_request (0.00274)
Rendered main/_request (0.00240)
Rendered main/_request (0.00251)
Rendered main/_request_rules_detailarea (0.00031)
Completed in 0.11174 (8 reqs/sec) | Rendering: 0.04828 (43%) | DB: 0.02783 (24%) | 200 OK [http://railsmachine/main/hello]


Processing MainController#hello (for 85.3.161.167 at 2007-01-29 10:41:00) [GET]
  Session ID: d1740045393869ab05b6cbc2a66a6fd4
  Parameters: {"action"=>"hello", "controller"=>"main"}
  [4;36;1mRequest Load (0.005725)[0m   [0;1mSELECT * FROM requests ORDER BY weight[0m
Rendering  within layouts/main
Rendering main/hello
  [4;35;1mSQL (0.004729)[0m   [0mPRAGMA table_info(requests)[0m
Rendered main/_request (0.01858)
Rendered main/_request (0.00261)
Rendered main/_request (0.00237)
Rendered main/_request (0.00326)
Rendered main/_request (0.00268)
Rendered main/_request (0.00307)
Rendered main/_request (0.02412)
Rendered main/_request (0.00246)
Rendered main/_request_rules_detailarea (0.00028)
Completed in 0.13283 (7 reqs/sec) | Rendering: 0.06752 (50%) | DB: 0.01045 (7%) | 200 OK [http://railsmachine/main/hello]


Processing MainController#hello (for 85.3.161.167 at 2007-01-29 10:41:19) [GET]
  Session ID: d1740045393869ab05b6cbc2a66a6fd4
  Parameters: {"action"=>"hello", "controller"=>"main"}
  [4;36;1mRequest Load (0.006214)[0m   [0;1mSELECT * FROM requests ORDER BY weight[0m
Rendering  within layouts/main
Rendering main/hello
  [4;35;1mSQL (0.002996)[0m   [0mPRAGMA table_info(requests)[0m
Rendered main/_request (0.01625)
Rendered main/_request (0.00265)
Rendered main/_request (0.00254)
Rendered main/_request (0.00314)
Rendered main/_request (0.00265)
Rendered main/_request (0.00265)
Rendered main/_request (0.00335)
Rendered main/_request (0.00277)
Rendered main/_request_rules_detailarea (0.00032)
Completed in 0.35177 (2 reqs/sec) | Rendering: 0.04741 (13%) | DB: 0.00921 (2%) | 200 OK [http://railsmachine/main/hello]


Processing MainController#hello (for 85.3.161.167 at 2007-01-29 10:43:28) [GET]
  Session ID: d1740045393869ab05b6cbc2a66a6fd4
  Parameters: {"action"=>"hello", "controller"=>"main"}
  [4;36;1mRequest Load (0.006209)[0m   [0;1mSELECT * FROM requests ORDER BY weight[0m
Rendering  within layouts/main
Rendering main/hello
  [4;35;1mSQL (0.003109)[0m   [0mPRAGMA table_info(requests)[0m
Rendered main/_request (0.01823)
Rendered main/_request (0.00272)
Rendered main/_request (0.00250)
Rendered main/_request (0.00290)
Rendered main/_request (0.02238)
Rendered main/_request (0.00285)
Rendered main/_request (0.00351)
Rendered main/_request (0.00281)
Rendered main/_request_rules_detailarea (0.00034)
Completed in 0.11426 (8 reqs/sec) | Rendering: 0.06975 (61%) | DB: 0.00932 (8%) | 200 OK [http://railsmachine/main/hello]


Processing MainController#hello (for 85.3.161.167 at 2007-01-29 10:43:38) [GET]
  Session ID: d1740045393869ab05b6cbc2a66a6fd4
  Parameters: {"action"=>"hello", "controller"=>"main"}
  [4;36;1mRequest Load (0.005725)[0m   [0;1mSELECT * FROM requests ORDER BY weight[0m
Rendering  within layouts/main
Rendering main/hello
ERROR: compiling _run_rhtml_47app47views47main47_request46rhtml RAISED compile error
script/../config/../app/views/main/_request.rhtml:3: syntax error, unexpected tIDENTIFIER, expecting ')'
<div id="request-item-<%= request.id).to_s); _erbout.concat "-http_method\" class=\"http_method\">"; _erbout.concat(( link_to_remote request.http_method, :url => { :action => :display_detail, :id => request } ).to_s); _erbout.concat "</div>\n"
                ^
script/../config/../app/views/main/_request.rhtml:3: syntax error, unexpected '<'
<div id="request-item-<%= request.id).to_s); _erbout.concat "-http_method\" class=\"http_method\">"; _erbout.concat(( link_to_remote request.http_method, :url => { :action => :display_detail, :id => request } ).to_s); _erbout.concat "</div>\n"
                       ^
script/../config/../app/views/main/_request.rhtml:3: syntax error, unexpected $undefined, expecting ')'
<div id="request-item-<%= request.id).to_s); _erbout.concat "-http_method\" class=\"http_method\">"; _erbout.concat(( link_to_remote request.http_method, :url => { :action => :display_detail, :id => request } ).to_s); _erbout.concat "</div>\n"
                                                                                   ^
script/../config/../app/views/main/_request.rhtml:7: syntax error, unexpected kEND, expecting ')'
Function body: def _run_rhtml_47app47views47main47_request46rhtml(local_assigns)
request_counter = local_assigns[:request_counter]
request = local_assigns[:request]
_erbout = ''; _erbout.concat "<div id=\"request-item-"; _erbout.concat(( request.id).to_s); _erbout.concat "\" class=\"listitem\">\n"
_erbout.concat "<div id=\"request-item-"; _erbout.concat(( request.id).to_s); _erbout.concat "-lens\" class=\"lens\"><a href=\"/main/display_detail/"; _erbout.concat(( request.id-%">v</a></div>
<div id="request-item-<%= request.id).to_s); _erbout.concat "-http_method\" class=\"http_method\">"; _erbout.concat(( link_to_remote request.http_method, :url => { :action => :display_detail, :id => request } ).to_s); _erbout.concat "</div>\n"
_erbout.concat "<div id=\"request-item-"; _erbout.concat(( request.id).to_s); _erbout.concat "-path\" class=\"path\">"; _erbout.concat(( link_to_remote request.path, :url => { :action => :display_detail, :id => request } ).to_s); _erbout.concat "</div>\n"
_erbout.concat "</div><br />\n"
_erbout
end
Backtrace: script/../config/../app/views/main/_request.rhtml:7:in `compile_template'
/usr/lib/ruby/gems/1.8/gems/actionpack-1.12.5.5848/lib/action_view/base.rb:319:in `compile_and_render_template'
/usr/lib/ruby/gems/1.8/gems/actionpack-1.12.5.5848/lib/action_view/base.rb:301:in `render_template'
/usr/lib/ruby/gems/1.8/gems/actionpack-1.12.5.5848/lib/action_view/base.rb:260:in `render_file'
/usr/lib/ruby/gems/1.8/gems/actionpack-1.12.5.5848/lib/action_view/base.rb:275:in `render'
/usr/lib/ruby/gems/1.8/gems/actionpack-1.12.5.5848/lib/action_view/partials.rb:59:in `render_partial'
/usr/lib/ruby/gems/1.8/gems/actionpack-1.12.5.5848/lib/action_controller/benchmarking.rb:26:in `benchmark'
/usr/lib/ruby/1.8/benchmark.rb:293:in `measure'
/usr/lib/ruby/1.8/benchmark.rb:307:in `realtime'
/usr/lib/ruby/gems/1.8/gems/actionpack-1.12.5.5848/lib/action_controller/benchmarking.rb:26:in `benchmark'
/usr/lib/ruby/gems/1.8/gems/actionpack-1.12.5.5848/lib/action_view/partials.rb:58:in `render_partial'
/usr/lib/ruby/gems/1.8/gems/actionpack-1.12.5.5848/lib/action_view/partials.rb:73:in `render_partial_collection'
/usr/lib/ruby/gems/1.8/gems/activesupport-1.3.1.5848/lib/active_support/inflector.rb:162:in `each_with_index'
/usr/lib/ruby/gems/1.8/gems/actionpack-1.12.5.5848/lib/action_view/partials.rb:71:in `each'
/usr/lib/ruby/gems/1.8/gems/actionpack-1.12.5.5848/lib/action_view/partials.rb:71:in `each_with_index'
/usr/lib/ruby/gems/1.8/gems/actionpack-1.12.5.5848/lib/action_view/partials.rb:71:in `render_partial_collection'
/usr/lib/ruby/gems/1.8/gems/actionpack-1.12.5.5848/lib/action_view/base.rb:285:in `render'
script/../config/../app/views/main/hello.rhtml:1:in `_run_rhtml_47app47views47main47hello46rhtml'
/usr/lib/ruby/gems/1.8/gems/actionpack-1.12.5.5848/lib/action_view/base.rb:326:in `send'
/usr/lib/ruby/gems/1.8/gems/actionpack-1.12.5.5848/lib/action_view/base.rb:326:in `compile_and_render_template'
/usr/lib/ruby/gems/1.8/gems/actionpack-1.12.5.5848/lib/action_view/base.rb:301:in `render_template'
/usr/lib/ruby/gems/1.8/gems/actionpack-1.12.5.5848/lib/action_view/base.rb:260:in `render_file'
/usr/lib/ruby/gems/1.8/gems/actionpack-1.12.5.5848/lib/action_controller/base.rb:803:in `render_file'
/usr/lib/ruby/gems/1.8/gems/actionpack-1.12.5.5848/lib/action_controller/base.rb:708:in `render_with_no_layout'
/usr/lib/ruby/gems/1.8/gems/actionpack-1.12.5.5848/lib/action_controller/layout.rb:247:in `render_without_benchmark'
/usr/lib/ruby/gems/1.8/gems/actionpack-1.12.5.5848/lib/action_controller/benchmarking.rb:50:in `render'
/usr/lib/ruby/1.8/benchmark.rb:293:in `measure'
/usr/lib/ruby/gems/1.8/gems/actionpack-1.12.5.5848/lib/action_controller/benchmarking.rb:50:in `render'
/usr/lib/ruby/gems/1.8/gems/actionpack-1.12.5.5848/lib/action_controller/base.rb:1093:in `perform_action_without_filters'
/usr/lib/ruby/gems/1.8/gems/actionpack-1.12.5.5848/lib/action_controller/filters.rb:632:in `call_filter'
/usr/lib/ruby/gems/1.8/gems/actionpack-1.12.5.5848/lib/action_controller/filters.rb:619:in `perform_action_without_benchmark'
/usr/lib/ruby/gems/1.8/gems/actionpack-1.12.5.5848/lib/action_controller/benchmarking.rb:66:in `perform_action_without_rescue'
/usr/lib/ruby/1.8/benchmark.rb:293:in `measure'
/usr/lib/ruby/gems/1.8/gems/actionpack-1.12.5.5848/lib/action_controller/benchmarking.rb:66:in `perform_action_without_rescue'
/usr/lib/ruby/gems/1.8/gems/actionpack-1.12.5.5848/lib/action_controller/rescue.rb:83:in `perform_action'
/usr/lib/ruby/gems/1.8/gems/actionpack-1.12.5.5848/lib/action_controller/base.rb:427:in `send'
/usr/lib/ruby/gems/1.8/gems/actionpack-1.12.5.5848/lib/action_controller/base.rb:427:in `process_without_filters'
/usr/lib/ruby/gems/1.8/gems/actionpack-1.12.5.5848/lib/action_controller/filters.rb:624:in `process_without_session_management_support'
/usr/lib/ruby/gems/1.8/gems/actionpack-1.12.5.5848/lib/action_controller/session_management.rb:114:in `process'
/usr/lib/ruby/gems/1.8/gems/actionpack-1.12.5.5848/lib/action_controller/base.rb:330:in `process'
/usr/lib/ruby/gems/1.8/gems/rails-1.1.6.5848/lib/dispatcher.rb:41:in `dispatch'
/usr/lib/ruby/gems/1.8/gems/rails-1.1.6.5848/lib/webrick_server.rb:113:in `handle_dispatch'
/usr/lib/ruby/gems/1.8/gems/rails-1.1.6.5848/lib/webrick_server.rb:79:in `service'
/usr/lib/ruby/1.8/webrick/httpserver.rb:104:in `service'
/usr/lib/ruby/1.8/webrick/httpserver.rb:65:in `run'
/usr/lib/ruby/1.8/webrick/server.rb:173:in `start_thread'
/usr/lib/ruby/1.8/webrick/server.rb:162:in `start'
/usr/lib/ruby/1.8/webrick/server.rb:162:in `start_thread'
/usr/lib/ruby/1.8/webrick/server.rb:95:in `start'
/usr/lib/ruby/1.8/webrick/server.rb:92:in `each'
/usr/lib/ruby/1.8/webrick/server.rb:92:in `start'
/usr/lib/ruby/1.8/webrick/server.rb:23:in `start'
/usr/lib/ruby/1.8/webrick/server.rb:82:in `start'
/usr/lib/ruby/gems/1.8/gems/rails-1.1.6.5848/lib/webrick_server.rb:63:in `dispatch'
/usr/lib/ruby/gems/1.8/gems/rails-1.1.6.5848/lib/commands/servers/webrick.rb:59
/usr/local/lib/site_ruby/1.8/rubygems/custom_require.rb:27:in `gem_original_require'
/usr/local/lib/site_ruby/1.8/rubygems/custom_require.rb:27:in `require'
/usr/lib/ruby/gems/1.8/gems/activesupport-1.3.1.5848/lib/active_support/dependencies.rb:496:in `require'
/usr/lib/ruby/gems/1.8/gems/activesupport-1.3.1.5848/lib/active_support/dependencies.rb:343:in `new_constants_in'
/usr/lib/ruby/gems/1.8/gems/activesupport-1.3.1.5848/lib/active_support/dependencies.rb:496:in `require'
/usr/lib/ruby/gems/1.8/gems/rails-1.1.6.5848/lib/commands/server.rb:39
/usr/local/lib/site_ruby/1.8/rubygems/custom_require.rb:27:in `gem_original_require'
/usr/local/lib/site_ruby/1.8/rubygems/custom_require.rb:27:in `require'
/usr/lib/ruby/gems/1.8/gems/activesupport-1.3.1.5848/lib/active_support/dependencies.rb:496:in `require'
/usr/lib/ruby/gems/1.8/gems/activesupport-1.3.1.5848/lib/active_support/dependencies.rb:343:in `new_constants_in'
/usr/lib/ruby/gems/1.8/gems/activesupport-1.3.1.5848/lib/active_support/dependencies.rb:496:in `require'
script/server:3


ActionView::TemplateError (compile error
script/../config/../app/views/main/_request.rhtml:3: syntax error, unexpected tIDENTIFIER, expecting ')'
<div id="request-item-<%= request.id).to_s); _erbout.concat "-http_method\" class=\"http_method\">"; _erbout.concat(( link_to_remote request.http_method, :url => { :action => :display_detail, :id => request } ).to_s); _erbout.concat "</div>\n"
                ^
script/../config/../app/views/main/_request.rhtml:3: syntax error, unexpected '<'
<div id="request-item-<%= request.id).to_s); _erbout.concat "-http_method\" class=\"http_method\">"; _erbout.concat(( link_to_remote request.http_method, :url => { :action => :display_detail, :id => request } ).to_s); _erbout.concat "</div>\n"
                       ^
script/../config/../app/views/main/_request.rhtml:3: syntax error, unexpected $undefined, expecting ')'
<div id="request-item-<%= request.id).to_s); _erbout.concat "-http_method\" class=\"http_method\">"; _erbout.concat(( link_to_remote request.http_method, :url => { :action => :display_detail, :id => request } ).to_s); _erbout.concat "</div>\n"
                                                                                   ^
script/../config/../app/views/main/_request.rhtml:7: syntax error, unexpected kEND, expecting ')') on line #3 of app/views/main/_request.rhtml:
1: <div id="request-item-<%= request.id-%>" class="listitem">
2: <div id="request-item-<%= request.id-%>-lens" class="lens"><a href="/main/display_detail/<%= request.id-%">v</a></div>
3: <div id="request-item-<%= request.id-%>-http_method" class="http_method"><%= link_to_remote request.http_method, :url => { :action => :display_detail, :id => request } -%></div>
4: <div id="request-item-<%= request.id-%>-path" class="path"><%= link_to_remote request.path, :url => { :action => :display_detail, :id => request } -%></div>
5: </div><br />

    #{RAILS_ROOT}/app/views/main/_request.rhtml:7:in `compile_template'
    /usr/lib/ruby/gems/1.8/gems/actionpack-1.12.5.5848/lib/action_view/base.rb:319:in `compile_and_render_template'
    /usr/lib/ruby/gems/1.8/gems/actionpack-1.12.5.5848/lib/action_view/base.rb:301:in `render_template'
    /usr/lib/ruby/gems/1.8/gems/actionpack-1.12.5.5848/lib/action_view/base.rb:260:in `render_file'
    /usr/lib/ruby/gems/1.8/gems/actionpack-1.12.5.5848/lib/action_view/base.rb:275:in `render'
    /usr/lib/ruby/gems/1.8/gems/actionpack-1.12.5.5848/lib/action_view/partials.rb:59:in `render_partial'
    /usr/lib/ruby/gems/1.8/gems/actionpack-1.12.5.5848/lib/action_controller/benchmarking.rb:26:in `benchmark'
    /usr/lib/ruby/1.8/benchmark.rb:293:in `measure'
    /usr/lib/ruby/1.8/benchmark.rb:307:in `realtime'
    /usr/lib/ruby/gems/1.8/gems/actionpack-1.12.5.5848/lib/action_controller/benchmarking.rb:26:in `benchmark'
    /usr/lib/ruby/gems/1.8/gems/actionpack-1.12.5.5848/lib/action_view/partials.rb:58:in `render_partial'
    /usr/lib/ruby/gems/1.8/gems/actionpack-1.12.5.5848/lib/action_view/partials.rb:73:in `render_partial_collection'
    /usr/lib/ruby/gems/1.8/gems/activesupport-1.3.1.5848/lib/active_support/inflector.rb:162:in `each_with_index'
    /usr/lib/ruby/gems/1.8/gems/actionpack-1.12.5.5848/lib/action_view/partials.rb:71:in `each'
    /usr/lib/ruby/gems/1.8/gems/actionpack-1.12.5.5848/lib/action_view/partials.rb:71:in `each_with_index'
    /usr/lib/ruby/gems/1.8/gems/actionpack-1.12.5.5848/lib/action_view/partials.rb:71:in `render_partial_collection'
    /usr/lib/ruby/gems/1.8/gems/actionpack-1.12.5.5848/lib/action_view/base.rb:285:in `render'
    #{RAILS_ROOT}/app/views/main/hello.rhtml:1:in `_run_rhtml_47app47views47main47hello46rhtml'
    /usr/lib/ruby/gems/1.8/gems/actionpack-1.12.5.5848/lib/action_view/base.rb:326:in `send'
    /usr/lib/ruby/gems/1.8/gems/actionpack-1.12.5.5848/lib/action_view/base.rb:326:in `compile_and_render_template'
    /usr/lib/ruby/gems/1.8/gems/actionpack-1.12.5.5848/lib/action_view/base.rb:301:in `render_template'
    /usr/lib/ruby/gems/1.8/gems/actionpack-1.12.5.5848/lib/action_view/base.rb:260:in `render_file'
    /usr/lib/ruby/gems/1.8/gems/actionpack-1.12.5.5848/lib/action_controller/base.rb:803:in `render_file'
    /usr/lib/ruby/gems/1.8/gems/actionpack-1.12.5.5848/lib/action_controller/base.rb:708:in `render_with_no_layout'
    /usr/lib/ruby/gems/1.8/gems/actionpack-1.12.5.5848/lib/action_controller/layout.rb:247:in `render_without_benchmark'
    /usr/lib/ruby/gems/1.8/gems/actionpack-1.12.5.5848/lib/action_controller/benchmarking.rb:50:in `render'
    /usr/lib/ruby/1.8/benchmark.rb:293:in `measure'
    /usr/lib/ruby/gems/1.8/gems/actionpack-1.12.5.5848/lib/action_controller/benchmarking.rb:50:in `render'
    /usr/lib/ruby/gems/1.8/gems/actionpack-1.12.5.5848/lib/action_controller/base.rb:1093:in `perform_action_without_filters'
    /usr/lib/ruby/gems/1.8/gems/actionpack-1.12.5.5848/lib/action_controller/filters.rb:632:in `call_filter'
    /usr/lib/ruby/gems/1.8/gems/actionpack-1.12.5.5848/lib/action_controller/filters.rb:619:in `perform_action_without_benchmark'
    /usr/lib/ruby/gems/1.8/gems/actionpack-1.12.5.5848/lib/action_controller/benchmarking.rb:66:in `perform_action_without_rescue'
    /usr/lib/ruby/1.8/benchmark.rb:293:in `measure'
    /usr/lib/ruby/gems/1.8/gems/actionpack-1.12.5.5848/lib/action_controller/benchmarking.rb:66:in `perform_action_without_rescue'
    /usr/lib/ruby/gems/1.8/gems/actionpack-1.12.5.5848/lib/action_controller/rescue.rb:83:in `perform_action'
    /usr/lib/ruby/gems/1.8/gems/actionpack-1.12.5.5848/lib/action_controller/base.rb:427:in `send'
    /usr/lib/ruby/gems/1.8/gems/actionpack-1.12.5.5848/lib/action_controller/base.rb:427:in `process_without_filters'
    /usr/lib/ruby/gems/1.8/gems/actionpack-1.12.5.5848/lib/action_controller/filters.rb:624:in `process_without_session_management_support'
    /usr/lib/ruby/gems/1.8/gems/actionpack-1.12.5.5848/lib/action_controller/session_management.rb:114:in `process'
    /usr/lib/ruby/gems/1.8/gems/actionpack-1.12.5.5848/lib/action_controller/base.rb:330:in `process'
    /usr/lib/ruby/gems/1.8/gems/rails-1.1.6.5848/lib/dispatcher.rb:41:in `dispatch'
    /usr/lib/ruby/gems/1.8/gems/rails-1.1.6.5848/lib/webrick_server.rb:113:in `handle_dispatch'
    /usr/lib/ruby/gems/1.8/gems/rails-1.1.6.5848/lib/webrick_server.rb:79:in `service'
    /usr/lib/ruby/1.8/webrick/httpserver.rb:104:in `service'
    /usr/lib/ruby/1.8/webrick/httpserver.rb:65:in `run'
    /usr/lib/ruby/1.8/webrick/server.rb:173:in `start_thread'
    /usr/lib/ruby/1.8/webrick/server.rb:162:in `start'
    /usr/lib/ruby/1.8/webrick/server.rb:162:in `start_thread'
    /usr/lib/ruby/1.8/webrick/server.rb:95:in `start'
    /usr/lib/ruby/1.8/webrick/server.rb:92:in `each'
    /usr/lib/ruby/1.8/webrick/server.rb:92:in `start'
    /usr/lib/ruby/1.8/webrick/server.rb:23:in `start'
    /usr/lib/ruby/1.8/webrick/server.rb:82:in `start'
    /usr/lib/ruby/gems/1.8/gems/rails-1.1.6.5848/lib/webrick_server.rb:63:in `dispatch'
    /usr/lib/ruby/gems/1.8/gems/rails-1.1.6.5848/lib/commands/servers/webrick.rb:59
    /usr/local/lib/site_ruby/1.8/rubygems/custom_require.rb:27:in `gem_original_require'
    /usr/local/lib/site_ruby/1.8/rubygems/custom_require.rb:27:in `require'
    /usr/lib/ruby/gems/1.8/gems/activesupport-1.3.1.5848/lib/active_support/dependencies.rb:496:in `require'
    /usr/lib/ruby/gems/1.8/gems/activesupport-1.3.1.5848/lib/active_support/dependencies.rb:343:in `new_constants_in'
    /usr/lib/ruby/gems/1.8/gems/activesupport-1.3.1.5848/lib/active_support/dependencies.rb:496:in `require'
    /usr/lib/ruby/gems/1.8/gems/rails-1.1.6.5848/lib/commands/server.rb:39
    /usr/local/lib/site_ruby/1.8/rubygems/custom_require.rb:27:in `gem_original_require'
    /usr/local/lib/site_ruby/1.8/rubygems/custom_require.rb:27:in `require'
    /usr/lib/ruby/gems/1.8/gems/activesupport-1.3.1.5848/lib/active_support/dependencies.rb:496:in `require'
    /usr/lib/ruby/gems/1.8/gems/activesupport-1.3.1.5848/lib/active_support/dependencies.rb:343:in `new_constants_in'
    /usr/lib/ruby/gems/1.8/gems/activesupport-1.3.1.5848/lib/active_support/dependencies.rb:496:in `require'
    script/server:3


Rendering /usr/lib/ruby/gems/1.8/gems/actionpack-1.12.5.5848/lib/action_controller/templates/rescues/layout.rhtml (500 Internal Error)


Processing MainController#hello (for 85.3.161.167 at 2007-01-29 10:43:52) [GET]
  Session ID: d1740045393869ab05b6cbc2a66a6fd4
  Parameters: {"action"=>"hello", "controller"=>"main"}
  [4;35;1mRequest Load (0.005549)[0m   [0mSELECT * FROM requests ORDER BY weight[0m
Rendering  within layouts/main
Rendering main/hello
  [4;36;1mSQL (0.003100)[0m   [0;1mPRAGMA table_info(requests)[0m
Rendered main/_request (0.02069)
Rendered main/_request (0.00293)
Rendered main/_request (0.00300)
Rendered main/_request (0.02210)
Rendered main/_request (0.00303)
Rendered main/_request (0.00339)
Rendered main/_request (0.00283)
Rendered main/_request (0.00329)
Rendered main/_request_rules_detailarea (0.00033)
Completed in 0.14272 (7 reqs/sec) | Rendering: 0.07802 (54%) | DB: 0.00865 (6%) | 200 OK [http://railsmachine/main/hello]


Processing MainController#display_detail (for 85.3.161.167 at 2007-01-29 10:44:01) [GET]
  Session ID: d1740045393869ab05b6cbc2a66a6fd4
  Parameters: {"action"=>"display_detail", "id"=>"1", "controller"=>"main"}
  [4;35;1mSQL (0.003462)[0m   [0mPRAGMA table_info(requests)[0m
  [4;36;1mRequest Load (0.001288)[0m   [0;1mSELECT * FROM requests WHERE (requests.id = 1) [0m
Redirected to http://railsmachine:3000/main/main
Completed in 0.06409 (15 reqs/sec) | DB: 0.00475 (7%) | 302 Found [http://railsmachine/main/display_detail/1]


Processing MainController#main (for 85.3.161.167 at 2007-01-29 10:44:01) [GET]
  Session ID: d1740045393869ab05b6cbc2a66a6fd4
  Parameters: {"action"=>"main", "controller"=>"main"}


ActionController::UnknownAction (No action responded to main):
    /usr/lib/ruby/gems/1.8/gems/actionpack-1.12.5.5848/lib/action_controller/filters.rb:632:in `call_filter'
    /usr/lib/ruby/gems/1.8/gems/actionpack-1.12.5.5848/lib/action_controller/filters.rb:619:in `perform_action_without_benchmark'
    /usr/lib/ruby/gems/1.8/gems/actionpack-1.12.5.5848/lib/action_controller/benchmarking.rb:66:in `perform_action_without_rescue'
    /usr/lib/ruby/1.8/benchmark.rb:293:in `measure'
    /usr/lib/ruby/gems/1.8/gems/actionpack-1.12.5.5848/lib/action_controller/benchmarking.rb:66:in `perform_action_without_rescue'
    /usr/lib/ruby/gems/1.8/gems/actionpack-1.12.5.5848/lib/action_controller/rescue.rb:83:in `perform_action'
    /usr/lib/ruby/gems/1.8/gems/actionpack-1.12.5.5848/lib/action_controller/base.rb:427:in `send'
    /usr/lib/ruby/gems/1.8/gems/actionpack-1.12.5.5848/lib/action_controller/base.rb:427:in `process_without_filters'
    /usr/lib/ruby/gems/1.8/gems/actionpack-1.12.5.5848/lib/action_controller/filters.rb:624:in `process_without_session_management_support'
    /usr/lib/ruby/gems/1.8/gems/actionpack-1.12.5.5848/lib/action_controller/session_management.rb:114:in `process'
    /usr/lib/ruby/gems/1.8/gems/actionpack-1.12.5.5848/lib/action_controller/base.rb:330:in `process'
    /usr/lib/ruby/gems/1.8/gems/rails-1.1.6.5848/lib/dispatcher.rb:41:in `dispatch'
    /usr/lib/ruby/gems/1.8/gems/rails-1.1.6.5848/lib/webrick_server.rb:113:in `handle_dispatch'
    /usr/lib/ruby/gems/1.8/gems/rails-1.1.6.5848/lib/webrick_server.rb:79:in `service'
    /usr/lib/ruby/1.8/webrick/httpserver.rb:104:in `service'
    /usr/lib/ruby/1.8/webrick/httpserver.rb:65:in `run'
    /usr/lib/ruby/1.8/webrick/server.rb:173:in `start_thread'
    /usr/lib/ruby/1.8/webrick/server.rb:162:in `start'
    /usr/lib/ruby/1.8/webrick/server.rb:162:in `start_thread'
    /usr/lib/ruby/1.8/webrick/server.rb:95:in `start'
    /usr/lib/ruby/1.8/webrick/server.rb:92:in `each'
    /usr/lib/ruby/1.8/webrick/server.rb:92:in `start'
    /usr/lib/ruby/1.8/webrick/server.rb:23:in `start'
    /usr/lib/ruby/1.8/webrick/server.rb:82:in `start'
    /usr/lib/ruby/gems/1.8/gems/rails-1.1.6.5848/lib/webrick_server.rb:63:in `dispatch'
    /usr/lib/ruby/gems/1.8/gems/rails-1.1.6.5848/lib/commands/servers/webrick.rb:59
    /usr/local/lib/site_ruby/1.8/rubygems/custom_require.rb:27:in `gem_original_require'
    /usr/local/lib/site_ruby/1.8/rubygems/custom_require.rb:27:in `require'
    /usr/lib/ruby/gems/1.8/gems/activesupport-1.3.1.5848/lib/active_support/dependencies.rb:496:in `require'
    /usr/lib/ruby/gems/1.8/gems/activesupport-1.3.1.5848/lib/active_support/dependencies.rb:343:in `new_constants_in'
    /usr/lib/ruby/gems/1.8/gems/activesupport-1.3.1.5848/lib/active_support/dependencies.rb:496:in `require'
    /usr/lib/ruby/gems/1.8/gems/rails-1.1.6.5848/lib/commands/server.rb:39
    /usr/local/lib/site_ruby/1.8/rubygems/custom_require.rb:27:in `gem_original_require'
    /usr/local/lib/site_ruby/1.8/rubygems/custom_require.rb:27:in `require'
    /usr/lib/ruby/gems/1.8/gems/activesupport-1.3.1.5848/lib/active_support/dependencies.rb:496:in `require'
    /usr/lib/ruby/gems/1.8/gems/activesupport-1.3.1.5848/lib/active_support/dependencies.rb:343:in `new_constants_in'
    /usr/lib/ruby/gems/1.8/gems/activesupport-1.3.1.5848/lib/active_support/dependencies.rb:496:in `require'
    script/server:3


Rendering /usr/lib/ruby/gems/1.8/gems/actionpack-1.12.5.5848/lib/action_controller/templates/rescues/layout.rhtml (404 Page Not Found)


Processing MainController#hello (for 85.3.161.167 at 2007-01-29 10:44:27) [GET]
  Session ID: d1740045393869ab05b6cbc2a66a6fd4
  Parameters: {"action"=>"hello", "controller"=>"main"}
  [4;35;1mRequest Load (0.005802)[0m   [0mSELECT * FROM requests ORDER BY weight[0m
Rendering  within layouts/main
Rendering main/hello
  [4;36;1mSQL (0.003598)[0m   [0;1mPRAGMA table_info(requests)[0m
Rendered main/_request (0.03775)
Rendered main/_request (0.00271)
Rendered main/_request (0.00259)
Rendered main/_request (0.00269)
Rendered main/_request (0.00259)
Rendered main/_request (0.00259)
Rendered main/_request (0.00265)
Rendered main/_request (0.00395)
Rendered main/_request_rules_detailarea (0.00031)
Completed in 0.35976 (2 reqs/sec) | Rendering: 0.06741 (18%) | DB: 0.00940 (2%) | 200 OK [http://railsmachine/main/hello]


Processing ApplicationController#index (for 85.3.161.167 at 2007-01-29 10:44:33) [GET]
  Session ID: d1740045393869ab05b6cbc2a66a6fd4
  Parameters: {}


ActionController::RoutingError (no route found to match "/display_detail/1" with {:method=>:get}):
    /usr/lib/ruby/gems/1.8/gems/actionpack-1.12.5.5848/lib/action_controller/routing.rb:1266:in `recognize_path'
    /usr/lib/ruby/gems/1.8/gems/actionpack-1.12.5.5848/lib/action_controller/routing.rb:1256:in `recognize'
    /usr/lib/ruby/gems/1.8/gems/rails-1.1.6.5848/lib/dispatcher.rb:40:in `dispatch'
    /usr/lib/ruby/gems/1.8/gems/rails-1.1.6.5848/lib/webrick_server.rb:113:in `handle_dispatch'
    /usr/lib/ruby/gems/1.8/gems/rails-1.1.6.5848/lib/webrick_server.rb:79:in `service'
    /usr/lib/ruby/1.8/webrick/httpserver.rb:104:in `service'
    /usr/lib/ruby/1.8/webrick/httpserver.rb:65:in `run'
    /usr/lib/ruby/1.8/webrick/server.rb:173:in `start_thread'
    /usr/lib/ruby/1.8/webrick/server.rb:162:in `start'
    /usr/lib/ruby/1.8/webrick/server.rb:162:in `start_thread'
    /usr/lib/ruby/1.8/webrick/server.rb:95:in `start'
    /usr/lib/ruby/1.8/webrick/server.rb:92:in `each'
    /usr/lib/ruby/1.8/webrick/server.rb:92:in `start'
    /usr/lib/ruby/1.8/webrick/server.rb:23:in `start'
    /usr/lib/ruby/1.8/webrick/server.rb:82:in `start'
    /usr/lib/ruby/gems/1.8/gems/rails-1.1.6.5848/lib/webrick_server.rb:63:in `dispatch'
    /usr/lib/ruby/gems/1.8/gems/rails-1.1.6.5848/lib/commands/servers/webrick.rb:59
    /usr/local/lib/site_ruby/1.8/rubygems/custom_require.rb:27:in `gem_original_require'
    /usr/local/lib/site_ruby/1.8/rubygems/custom_require.rb:27:in `require'
    /usr/lib/ruby/gems/1.8/gems/activesupport-1.3.1.5848/lib/active_support/dependencies.rb:496:in `require'
    /usr/lib/ruby/gems/1.8/gems/activesupport-1.3.1.5848/lib/active_support/dependencies.rb:343:in `new_constants_in'
    /usr/lib/ruby/gems/1.8/gems/activesupport-1.3.1.5848/lib/active_support/dependencies.rb:496:in `require'
    /usr/lib/ruby/gems/1.8/gems/rails-1.1.6.5848/lib/commands/server.rb:39
    /usr/local/lib/site_ruby/1.8/rubygems/custom_require.rb:27:in `gem_original_require'
    /usr/local/lib/site_ruby/1.8/rubygems/custom_require.rb:27:in `require'
    /usr/lib/ruby/gems/1.8/gems/activesupport-1.3.1.5848/lib/active_support/dependencies.rb:496:in `require'
    /usr/lib/ruby/gems/1.8/gems/activesupport-1.3.1.5848/lib/active_support/dependencies.rb:343:in `new_constants_in'
    /usr/lib/ruby/gems/1.8/gems/activesupport-1.3.1.5848/lib/active_support/dependencies.rb:496:in `require'
    script/server:3


Rendering /usr/lib/ruby/gems/1.8/gems/actionpack-1.12.5.5848/lib/action_controller/templates/rescues/layout.rhtml (404 Page Not Found)


Processing MainController#hello (for 85.3.161.167 at 2007-01-29 10:44:42) [GET]
  Session ID: d1740045393869ab05b6cbc2a66a6fd4
  Parameters: {"action"=>"hello", "controller"=>"main"}
  [4;35;1mRequest Load (0.030059)[0m   [0mSELECT * FROM requests ORDER BY weight[0m
Rendering  within layouts/main
Rendering main/hello
  [4;36;1mSQL (0.002832)[0m   [0;1mPRAGMA table_info(requests)[0m
Rendered main/_request (0.01601)
Rendered main/_request (0.00256)
Rendered main/_request (0.00245)
Rendered main/_request (0.00645)
Rendered main/_request (0.02421)
Rendered main/_request (0.03314)
Rendered main/_request (0.00255)
Rendered main/_request (0.00245)
Rendered main/_request_rules_detailarea (0.00029)
Completed in 0.23692 (4 reqs/sec) | Rendering: 0.10186 (42%) | DB: 0.03289 (13%) | 200 OK [http://railsmachine/main/hello]


Processing MainController#display_detail (for 85.3.161.167 at 2007-01-29 10:44:44) [GET]
  Session ID: d1740045393869ab05b6cbc2a66a6fd4
  Parameters: {"action"=>"display_detail", "id"=>"1", "controller"=>"main"}
  [4;35;1mSQL (0.003445)[0m   [0mPRAGMA table_info(requests)[0m
  [4;36;1mRequest Load (0.001242)[0m   [0;1mSELECT * FROM requests WHERE (requests.id = 1) [0m
Redirected to http://railsmachine:3000/main/main
Completed in 0.04114 (24 reqs/sec) | DB: 0.00469 (11%) | 302 Found [http://railsmachine/main/display_detail/1]


Processing MainController#main (for 85.3.161.167 at 2007-01-29 10:44:45) [GET]
  Session ID: d1740045393869ab05b6cbc2a66a6fd4
  Parameters: {"action"=>"main", "controller"=>"main"}


ActionController::UnknownAction (No action responded to main):
    /usr/lib/ruby/gems/1.8/gems/actionpack-1.12.5.5848/lib/action_controller/filters.rb:632:in `call_filter'
    /usr/lib/ruby/gems/1.8/gems/actionpack-1.12.5.5848/lib/action_controller/filters.rb:619:in `perform_action_without_benchmark'
    /usr/lib/ruby/gems/1.8/gems/actionpack-1.12.5.5848/lib/action_controller/benchmarking.rb:66:in `perform_action_without_rescue'
    /usr/lib/ruby/1.8/benchmark.rb:293:in `measure'
    /usr/lib/ruby/gems/1.8/gems/actionpack-1.12.5.5848/lib/action_controller/benchmarking.rb:66:in `perform_action_without_rescue'
    /usr/lib/ruby/gems/1.8/gems/actionpack-1.12.5.5848/lib/action_controller/rescue.rb:83:in `perform_action'
    /usr/lib/ruby/gems/1.8/gems/actionpack-1.12.5.5848/lib/action_controller/base.rb:427:in `send'
    /usr/lib/ruby/gems/1.8/gems/actionpack-1.12.5.5848/lib/action_controller/base.rb:427:in `process_without_filters'
    /usr/lib/ruby/gems/1.8/gems/actionpack-1.12.5.5848/lib/action_controller/filters.rb:624:in `process_without_session_management_support'
    /usr/lib/ruby/gems/1.8/gems/actionpack-1.12.5.5848/lib/action_controller/session_management.rb:114:in `process'
    /usr/lib/ruby/gems/1.8/gems/actionpack-1.12.5.5848/lib/action_controller/base.rb:330:in `process'
    /usr/lib/ruby/gems/1.8/gems/rails-1.1.6.5848/lib/dispatcher.rb:41:in `dispatch'
    /usr/lib/ruby/gems/1.8/gems/rails-1.1.6.5848/lib/webrick_server.rb:113:in `handle_dispatch'
    /usr/lib/ruby/gems/1.8/gems/rails-1.1.6.5848/lib/webrick_server.rb:79:in `service'
    /usr/lib/ruby/1.8/webrick/httpserver.rb:104:in `service'
    /usr/lib/ruby/1.8/webrick/httpserver.rb:65:in `run'
    /usr/lib/ruby/1.8/webrick/server.rb:173:in `start_thread'
    /usr/lib/ruby/1.8/webrick/server.rb:162:in `start'
    /usr/lib/ruby/1.8/webrick/server.rb:162:in `start_thread'
    /usr/lib/ruby/1.8/webrick/server.rb:95:in `start'
    /usr/lib/ruby/1.8/webrick/server.rb:92:in `each'
    /usr/lib/ruby/1.8/webrick/server.rb:92:in `start'
    /usr/lib/ruby/1.8/webrick/server.rb:23:in `start'
    /usr/lib/ruby/1.8/webrick/server.rb:82:in `start'
    /usr/lib/ruby/gems/1.8/gems/rails-1.1.6.5848/lib/webrick_server.rb:63:in `dispatch'
    /usr/lib/ruby/gems/1.8/gems/rails-1.1.6.5848/lib/commands/servers/webrick.rb:59
    /usr/local/lib/site_ruby/1.8/rubygems/custom_require.rb:27:in `gem_original_require'
    /usr/local/lib/site_ruby/1.8/rubygems/custom_require.rb:27:in `require'
    /usr/lib/ruby/gems/1.8/gems/activesupport-1.3.1.5848/lib/active_support/dependencies.rb:496:in `require'
    /usr/lib/ruby/gems/1.8/gems/activesupport-1.3.1.5848/lib/active_support/dependencies.rb:343:in `new_constants_in'
    /usr/lib/ruby/gems/1.8/gems/activesupport-1.3.1.5848/lib/active_support/dependencies.rb:496:in `require'
    /usr/lib/ruby/gems/1.8/gems/rails-1.1.6.5848/lib/commands/server.rb:39
    /usr/local/lib/site_ruby/1.8/rubygems/custom_require.rb:27:in `gem_original_require'
    /usr/local/lib/site_ruby/1.8/rubygems/custom_require.rb:27:in `require'
    /usr/lib/ruby/gems/1.8/gems/activesupport-1.3.1.5848/lib/active_support/dependencies.rb:496:in `require'
    /usr/lib/ruby/gems/1.8/gems/activesupport-1.3.1.5848/lib/active_support/dependencies.rb:343:in `new_constants_in'
    /usr/lib/ruby/gems/1.8/gems/activesupport-1.3.1.5848/lib/active_support/dependencies.rb:496:in `require'
    script/server:3


Rendering /usr/lib/ruby/gems/1.8/gems/actionpack-1.12.5.5848/lib/action_controller/templates/rescues/layout.rhtml (404 Page Not Found)


Processing MainController#hello (for 85.3.161.167 at 2007-01-29 10:47:06) [GET]
  Session ID: d1740045393869ab05b6cbc2a66a6fd4
  Parameters: {"action"=>"hello", "controller"=>"main"}
  [4;35;1mRequest Load (0.006275)[0m   [0mSELECT * FROM requests ORDER BY weight[0m
Rendering  within layouts/main
Rendering main/hello
  [4;36;1mSQL (0.003265)[0m   [0;1mPRAGMA table_info(requests)[0m
Rendered main/_request (0.03499)
Rendered main/_request (0.00318)
Rendered main/_request (0.00297)
Rendered main/_request (0.00284)
Rendered main/_request (0.00297)
Rendered main/_request (0.00306)
Rendered main/_request (0.00348)
Rendered main/_request (0.00293)
Rendered main/_request_rules_detailarea (0.00038)
Completed in 0.11438 (8 reqs/sec) | Rendering: 0.06820 (59%) | DB: 0.00954 (8%) | 200 OK [http://railsmachine/main/hello]


Processing MainController#display_detail (for 85.3.161.167 at 2007-01-29 10:47:28) [GET]
  Session ID: d1740045393869ab05b6cbc2a66a6fd4
  Parameters: {"action"=>"display_detail", "id"=>"1", "controller"=>"main"}
  [4;35;1mSQL (0.003609)[0m   [0mPRAGMA table_info(requests)[0m
  [4;36;1mRequest Load (0.001329)[0m   [0;1mSELECT * FROM requests WHERE (requests.id = 1) [0m
Redirected to http://railsmachine:3000/main/main
Completed in 0.06368 (15 reqs/sec) | DB: 0.00494 (7%) | 302 Found [http://railsmachine/main/display_detail/1]


Processing MainController#main (for 85.3.161.167 at 2007-01-29 10:47:28) [GET]
  Session ID: d1740045393869ab05b6cbc2a66a6fd4
  Parameters: {"action"=>"main", "controller"=>"main"}


ActionController::UnknownAction (No action responded to main):
    /usr/lib/ruby/gems/1.8/gems/actionpack-1.12.5.5848/lib/action_controller/filters.rb:632:in `call_filter'
    /usr/lib/ruby/gems/1.8/gems/actionpack-1.12.5.5848/lib/action_controller/filters.rb:619:in `perform_action_without_benchmark'
    /usr/lib/ruby/gems/1.8/gems/actionpack-1.12.5.5848/lib/action_controller/benchmarking.rb:66:in `perform_action_without_rescue'
    /usr/lib/ruby/1.8/benchmark.rb:293:in `measure'
    /usr/lib/ruby/gems/1.8/gems/actionpack-1.12.5.5848/lib/action_controller/benchmarking.rb:66:in `perform_action_without_rescue'
    /usr/lib/ruby/gems/1.8/gems/actionpack-1.12.5.5848/lib/action_controller/rescue.rb:83:in `perform_action'
    /usr/lib/ruby/gems/1.8/gems/actionpack-1.12.5.5848/lib/action_controller/base.rb:427:in `send'
    /usr/lib/ruby/gems/1.8/gems/actionpack-1.12.5.5848/lib/action_controller/base.rb:427:in `process_without_filters'
    /usr/lib/ruby/gems/1.8/gems/actionpack-1.12.5.5848/lib/action_controller/filters.rb:624:in `process_without_session_management_support'
    /usr/lib/ruby/gems/1.8/gems/actionpack-1.12.5.5848/lib/action_controller/session_management.rb:114:in `process'
    /usr/lib/ruby/gems/1.8/gems/actionpack-1.12.5.5848/lib/action_controller/base.rb:330:in `process'
    /usr/lib/ruby/gems/1.8/gems/rails-1.1.6.5848/lib/dispatcher.rb:41:in `dispatch'
    /usr/lib/ruby/gems/1.8/gems/rails-1.1.6.5848/lib/webrick_server.rb:113:in `handle_dispatch'
    /usr/lib/ruby/gems/1.8/gems/rails-1.1.6.5848/lib/webrick_server.rb:79:in `service'
    /usr/lib/ruby/1.8/webrick/httpserver.rb:104:in `service'
    /usr/lib/ruby/1.8/webrick/httpserver.rb:65:in `run'
    /usr/lib/ruby/1.8/webrick/server.rb:173:in `start_thread'
    /usr/lib/ruby/1.8/webrick/server.rb:162:in `start'
    /usr/lib/ruby/1.8/webrick/server.rb:162:in `start_thread'
    /usr/lib/ruby/1.8/webrick/server.rb:95:in `start'
    /usr/lib/ruby/1.8/webrick/server.rb:92:in `each'
    /usr/lib/ruby/1.8/webrick/server.rb:92:in `start'
    /usr/lib/ruby/1.8/webrick/server.rb:23:in `start'
    /usr/lib/ruby/1.8/webrick/server.rb:82:in `start'
    /usr/lib/ruby/gems/1.8/gems/rails-1.1.6.5848/lib/webrick_server.rb:63:in `dispatch'
    /usr/lib/ruby/gems/1.8/gems/rails-1.1.6.5848/lib/commands/servers/webrick.rb:59
    /usr/local/lib/site_ruby/1.8/rubygems/custom_require.rb:27:in `gem_original_require'
    /usr/local/lib/site_ruby/1.8/rubygems/custom_require.rb:27:in `require'
    /usr/lib/ruby/gems/1.8/gems/activesupport-1.3.1.5848/lib/active_support/dependencies.rb:496:in `require'
    /usr/lib/ruby/gems/1.8/gems/activesupport-1.3.1.5848/lib/active_support/dependencies.rb:343:in `new_constants_in'
    /usr/lib/ruby/gems/1.8/gems/activesupport-1.3.1.5848/lib/active_support/dependencies.rb:496:in `require'
    /usr/lib/ruby/gems/1.8/gems/rails-1.1.6.5848/lib/commands/server.rb:39
    /usr/local/lib/site_ruby/1.8/rubygems/custom_require.rb:27:in `gem_original_require'
    /usr/local/lib/site_ruby/1.8/rubygems/custom_require.rb:27:in `require'
    /usr/lib/ruby/gems/1.8/gems/activesupport-1.3.1.5848/lib/active_support/dependencies.rb:496:in `require'
    /usr/lib/ruby/gems/1.8/gems/activesupport-1.3.1.5848/lib/active_support/dependencies.rb:343:in `new_constants_in'
    /usr/lib/ruby/gems/1.8/gems/activesupport-1.3.1.5848/lib/active_support/dependencies.rb:496:in `require'
    script/server:3


Rendering /usr/lib/ruby/gems/1.8/gems/actionpack-1.12.5.5848/lib/action_controller/templates/rescues/layout.rhtml (404 Page Not Found)


Processing MainController#hello (for 85.3.161.167 at 2007-01-29 10:47:50) [GET]
  Session ID: d1740045393869ab05b6cbc2a66a6fd4
  Parameters: {"action"=>"hello", "controller"=>"main"}
  [4;35;1mRequest Load (0.005110)[0m   [0mSELECT * FROM requests ORDER BY weight[0m
Rendering  within layouts/main
Rendering main/hello
  [4;36;1mSQL (0.005378)[0m   [0;1mPRAGMA table_info(requests)[0m
Rendered main/_request (0.01804)
Rendered main/_request (0.00249)
Rendered main/_request (0.00247)
Rendered main/_request (0.00237)
Rendered main/_request (0.00236)
Rendered main/_request (0.00239)
Rendered main/_request (0.02371)
Rendered main/_request (0.00317)
Rendered main/_request_rules_detailarea (0.00031)
Completed in 0.13073 (7 reqs/sec) | Rendering: 0.06444 (49%) | DB: 0.01049 (8%) | 200 OK [http://railsmachine/main/hello]
